  OBJLoader.cpp
c:\users\40213873\desktop\pba_pr\objloader.cpp(27): warning C4267: 'initializing': conversion from 'size_t' to 'unsigned int', possible loss of data
c:\users\40213873\desktop\pba_pr\objloader.cpp(84): warning C4267: 'initializing': conversion from 'size_t' to 'unsigned int', possible loss of data
c:\users\40213873\desktop\pba_pr\objloader.cpp(121): warning C4267: '=': conversion from 'size_t' to 'unsigned int', possible loss of data
c:\users\40213873\desktop\pba_pr\objloader.cpp(136): warning C4267: '=': conversion from 'size_t' to 'unsigned int', possible loss of data
c:\users\40213873\desktop\pba_pr\objloader.cpp(164): warning C4267: 'initializing': conversion from 'size_t' to 'unsigned int', possible loss of data
c:\users\40213873\desktop\pba_pr\objloader.cpp(262): warning C4267: 'initializing': conversion from 'size_t' to 'unsigned int', possible loss of data
c:\users\40213873\desktop\pba_pr\objloader.cpp(296): warning C4267: 'initializing': conversion from 'size_t' to 'unsigned int', possible loss of data
c:\users\40213873\desktop\pba_pr\objloader.cpp(329): warning C4267: 'initializing': conversion from 'size_t' to 'unsigned int', possible loss of data
c:\users\40213873\desktop\pba_pr\objloader.cpp(378): warning C4244: 'return': conversion from 'double' to 'float', possible loss of data
c:\users\40213873\desktop\pba_pr\objloader.cpp(386): warning C4267: 'initializing': conversion from 'size_t' to 'unsigned int', possible loss of data
  Mesh.cpp
c:\users\40213873\desktop\pba_pr\mesh.cpp(69): warning C4267: '=': conversion from 'size_t' to 'unsigned int', possible loss of data
c:\users\40213873\desktop\pba_pr\mesh.cpp(122): warning C4996: 'fscanf': This function or variable may be unsafe. Consider using fscanf_s instead. To disable deprecation, use _CRT_SECURE_NO_WARNINGS. See online help for details.
  c:\program files (x86)\windows kits\10\include\10.0.15063.0\ucrt\stdio.h(1195): note: see declaration of 'fscanf'
  main.cpp
c:\users\40213873\desktop\pba_pr\main.cpp(67): warning C4305: 'initializing': truncation from 'double' to 'float'
  Application.cpp
  Generating Code...
LINK : fatal error LNK1104: cannot open file 'glew32s.lib'
